2022-10-05 20:43:27 Produced message on topic twt_streaming with value of All my friends are playing Splatoon 3 or Overwatch 2. None of my friends play Valorant besides 1 and my smurf account is too high for him

In my isolation I have become addicted to Vampire Survivors. Please help me I can’t stop playing

2022-10-05 20:43:31 Produced message on topic twt_streaming with value of \u521d\u5fc3\u8005ACE\uff01\uff01\uff01 \u30ad\u30fc\u30dc\u30fc\u30c9\u30de\u30a6\u30b9valo\u304b\u3089\u3061\u3083\u3093\u3068\u3084\u308a\u59cb\u3081\u3066\u3059\u3063\u3053\u3057\u3067\u3059\u3002\u3000#valorant\u5973\u5b50 https://t.co/16Vi2vY7Cf

2022-10-05 20:43:35 Produced message on topic twt_streaming with value of anyone up for some valorant?

2022-10-05 20:43:37 Produced message on topic twt_streaming with value of @tos
 #VALORANT\u52df\u96c6
\u30a2\u30f3\u30ec\u30fc\u30c8\u62fe\u3063\u3066\u304f\u3060\u3055\u3044
\u30bd\u30fc\u30f4\u30a1\u4f7f\u3044\u305f\u3044\u3067\u3059\uff01

2022-10-05 20:43:38 Produced message on topic twt_streaming with value of \u30d5\u30eb\u30d1\u30b3\u30f3\u30da\uff20\uff11\u3000\u521d\u5fc3\u8005\u3044\u307e\u3059\u3000\u30d6\u30ed\u30f3\u30ba\u304b\u3089\u30b4\u30fc\u30eb\u30c9 #VALORANT\u52df\u96c6

2022-10-05 20:43:42 Produced message on topic twt_streaming with value of \u30b7\u30eb\u30d0\u30fc@1\uff01\uff01\uff01\uff01 #Valorant\u52df\u96c6

2022-10-05 20:43:46 Produced message on topic twt_streaming with value of unas ganas de jugar al valorant sabiendo que soy una basura en ese juego

2022-10-05 20:43:48 Produced message on topic twt_streaming with value of be there or be \u23f9 #soupgauge #promo #gamereview #valorant #youtube #newvideo #premiere https://t.co/V6U65AsR2V

2022-10-05 20:43:51 Produced message on topic twt_streaming with value of RAGE VALORANT 2022 Autumn
2022\u5e7410\u670808\u65e5\uff08\u571f\uff09\u6771\u4eac\u30ac\u30fc\u30c7\u30f3\u30b7\u30a2\u30bf\u30fc

\u8b72) A\u5e2d(3F\u30d0\u30eb\u30b3\u30cb\u30fc 1I 3\u52174\u756a\u76ee)
\u30c1\u30b1\u30c3\u30c81\u679a\u4f59\u308a\u307e\u3057\u305f\u306e\u3067\u8b72\u308a\u307e\u3059\u3002

\u6c42) 7000\u5186
\u30ea\u30bb\u30fc\u30eb\u30678\u65e5\u591a\u304f\u4f59\u3063\u3066\u304a\u308a\u3001\u6b8b\u308b\u3068\u56f0\u308b\u306e\u3067\u5b89\u3081\u306b\u3057\u307e\u3059\u3002
\u53d7\u3051\u6e21\u3057\u3084\u652f\u6255\u3044\u306fDM\u306b\u3066

DM\u304a\u9858\u3044\u3057\u307e\u3059\u3002
#RAGE_VALORANT https://t.co/pSUBzbvjAd

2022-10-05 20:43:52 Produced message on topic twt_streaming with value of \u30d5\u30eb\u30d1@1
\u3053\u3061\u3089 \u30d7\u30e9\uff11to3\u30683\u3001\u6c57\uff11
\u304a\u6c17\u8efd\u306b\u3069\u3046\u305e
 #valorant\u52df\u96c6

2022-10-05 20:43:53 Produced message on topic twt_streaming with value of https://t.co/MFj2WYDg3U

valorant\u304c\u3057\u305f\u3044\uff01\U0001f3f9\u2601

_

2022-10-05 20:43:55 Produced message on topic twt_streaming with value of \u3010VALORANT\u3011\u3000\U0001f427\U0001f530\U0001f419\u30aa\u30fc\u30e1\u30f3\u7df4\u7fd2\u3059\u308b\u305e\U0001f419\U0001f530\U0001f427\uff0fVing\u30b3\u30e9\u30dc\u3078\u79fb\u884c\u3000\u3010\u521d\u898b\u3055\u3093\u6b53\u8fce\u3011 https://t.co/whGMPkJESp @YouTube\u3088\u308a

2022-10-05 20:43:56 Produced message on topic twt_streaming with value of #VALORANT\u52df\u96c6
\u30b9\u30d1\u30a4\u30af\u30e9\u30c3\u30b7\u30e5\u304b\u30ec\u30d7\u30ea\u30b1\u30fc\u30b7\u30e7\u30f3\u884c\u3063\u3066\u304f\u308c\u308b\u4eba\u52df\u96c6\u3067\u3059

2022-10-05 20:43:57 Produced message on topic twt_streaming with value of \u30b3\u30f3\u30da @1
\u30b4\u30eb2  \u30b7\u30eb1×2 \u30d6\u30ed1 \u3067\u3059\u3002
\u30b7\u30eb\u30d0\u30fc\u4ee5\u4e0a\u3067\u697d\u3057\u304f\u3084\u308c\u308b\u3072\u3068
#VALORANT  #valorant\u52df\u96c6

2022-10-05 20:43:58 Produced message on topic twt_streaming with value of \u30b3\u30f3\u30da\u52df\u96c6\uff20\uff11\u30a2\u30a4\u30a2\u30f3\u30d6\u30ed\u30f3\u30ba\u5e2f #VALORANT\u52df\u96c6

2022-10-05 20:44:00 Produced message on topic twt_streaming with value of valorant \u3078\u305f\u3092\u898b\u3066\u307f\u307e\u3057\u3087\u3046 https://t.co/hxRnCbuPUz

2022-10-05 20:44:01 Produced message on topic twt_streaming with value of Hey Since You Liked Our Duo Tage Oblivion v1 im working on Oblivion v2 and it will be better and darker than v1 Soon \U0001f608\U0001f92d @iForgottenzZ #valorant #\u0641\u0627\u0644\u0648\u0631\u0646\u062a https://t.co/wCMlcOjKrH

2022-10-05 20:44:02 Produced message on topic twt_streaming with value of Slept for 2 hours do I go back to bed or get up make coffee and grind VALORANT for the day?

2022-10-05 20:44:03 Produced message on topic twt_streaming with value of need motivation to play valorant again

2022-10-05 20:44:05 Produced message on topic twt_streaming with value of \u4eca\u65e5\u3082VALO\u3084\u3063\u3066\u3084\u3093\u3088\u304a\u304a\u304a\u304a\u3010VALORANT\u3011 https://t.co/wQ0nukZ4KX @YouTube\u3088\u308a
\u30ab\u30b9\u30bf\u30e0\u3001\u8ab0\u3067\u3082\u3055\u3093\u304b\u3069\u305e

2022-10-05 20:44:08 Produced message on topic twt_streaming with value of I'm now streaming on Twitch! Playing VALORANT https://t.co/KyBeD6x8V6

2022-10-05 20:44:10 Produced message on topic twt_streaming with value of Unbalanced went live! Get in on the fun and watch the tilt! 
https://t.co/RT8hxgd5iD #valorant

2022-10-05 20:44:12 Produced message on topic twt_streaming with value of \u3010\u75b2\u52b4\u56f0\u618a\u3011VALORANT\u3010\u30a2\u30f3\u30ec\u30fc\u30c8\u3011 https://t.co/FUfsVrVJKl

2022-10-05 20:44:13 Produced message on topic twt_streaming with value of | FUNNIEST MOMENTS IN VALORANT #001 | HIGHLIGHTS &amp; SHORTS | https://t.co/BMbYYaC8jx via @YouTube

2022-10-05 20:44:15 Produced message on topic twt_streaming with value of SE LIGA NOS RESULTADOS DO OPEN LADDERS DE SETEMBRO! 

\U0001f3c6VALORANT\U0001f3c6

\U0001f947 @Mnrvlr - 7410.61 pontos
\U0001f948 styngel - 7217.92 pontos
\U0001f949 CostaJanai - 6950.11 pontos

\U0001f3c6LoL\U0001f3c6

\U0001f947 Lucas05 - 1841.37 pontos
\U0001f948 X1'lixo - 1816.97 pontos
\U0001f949 Pitoko - 1737.72 pontos

#KaBuMOpenLadders https://t.co/kh7Em5TWSk

2022-10-05 20:44:21 Produced message on topic twt_streaming with value of Watch this! \U0001f4a6
New Jett cosplay set in my bio \u2764\ufe0f
#VALORANT #Jett #cosplay https://t.co/lLdcyfcdN3

2022-10-05 20:44:28 Produced message on topic twt_streaming with value of Side note, but why does the entire country of Thailand come to any tweet referencing Thai valorant? Not hating, just genuinely asking because I find it hilarious 
I see this for FS, XERXIA, and other Thai teams on any tweet referencing them

2022-10-05 20:44:29 Produced message on topic twt_streaming with value of Only watching @Cloud9 Valorant team play rn could fix me

2022-10-05 20:44:32 Produced message on topic twt_streaming with value of .@ClocQ_VCT \u300e\u30b5\u30a4\u30d0\u30fc\u30d1\u30f3\u30af\u771f\u73e0\u306e\u8033\u98fe\u308a\u306e\u5c11\u5973\u300f
(Cyberpunk Girl with a Pearl Earring) https://t.co/MpSB1cIsiV

2022-10-05 20:44:40 Produced message on topic twt_streaming with value of Welp, it's finally our time! We face @AlterEgo_IDN in our first matchup and @FANCYUTD after that. Both BO1s!

\U0001f517Live here: https://t.co/LGcalPuIAX

#VCT #TECChallengerSeries

2022-10-05 20:44:41 Produced message on topic twt_streaming with value of @tos
\u30b7\u30eb\u30d0\u30fc@2
\u96f0\u56f2\u6c17\u826f\u304f\u3084\u308a\u305f\u3044\u3067\u3059
#VALORANT\u52df\u96c6

2022-10-05 20:44:42 Produced message on topic twt_streaming with value of \u3010\u52df\u96c6\u3011
2022/10/08 (\u571f)10:30\u958b\u583412:00\u958b\u6f14\u306e
RAGE VALORANT 2022 Autumn Day2 A\u6307\u5b9a\u5e2d\u306e\u30c1\u30b1\u30c3\u30c8\u304c1\u679a\u4f59\u3063\u3066\u3044\u307e\u3059
\u77e5\u308a\u5408\u3044\u306e\u65b9\u3067\u8208\u5473\u306e\u3042\u308b\u65b9\u3044\u3089\u3063\u3057\u3083\u308c\u3070\u660e\u65e5\u304f\u3089\u3044\u307e\u3067\u306b\u304a\u58f0\u304c\u3051\u304f\u3060\u3055\u3044\uff5e\uff5e

2022-10-05 20:44:45 Produced message on topic twt_streaming with value of \u4e00\u6226\u3050\u3089\u3044\u305d\u308d\u3053\u3093\u307a\u307a\u3061\u3076\u3057\u307e\u3059\uff01\uff01
\u5fdc\u63f4\u3057\u306b\u304d\u3066\u30fc\u30fc\u30fc\u30fc\uff01
#VALORANT #VALORANT\u521d\u5fc3\u8005 #VALORANT\u5973\u5b50 
https://t.co/dV3HlwnhaS

2022-10-05 20:44:51 Produced message on topic twt_streaming with value of NEW Valorant Update Vibes and 2AM x !Rogue
https://t.co/BpecfXYXj4 https://t.co/Vexv4UqziY

2022-10-05 20:44:57 Produced message on topic twt_streaming with value of \u70ba\u795e\u3089\u3068  Twitch\u3067\u914d\u4fe1\u958b\u59cb\u3063\uff01
  VALORANT \u3084\u308b\u3088\uff5e\u266a

\u3010EN\u3011
Started streaming on Twitch
I'm playing the  VALORANT  now

https://t.co/JghkjhUOPm https://t.co/hSUIll19W1

2022-10-05 20:44:59 Produced message on topic twt_streaming with value of \u3084\u308b\u4eba\u3044\u307e\u305b\u3093\u512a\u3057\u3044\u4eba\u304c\u3044\u3044\u3067\u3059

#VALORANT
#VALORANT\u52df\u96c6
#VALORANT\u30d5\u30ec\u30f3\u30c9\u52df\u96c6
#VALORANT\u81ea\u5df1\u7d39\u4ecb\u30ab\u30fc\u30c9 https://t.co/MkQx7HbhCV

2022-10-05 20:45:02 Produced message on topic twt_streaming with value of @tos

@2
VALORANT\u306e\u30ab\u30b9\u30bf\u30e0\u52df\u96c6\u4e2d!!
\u521d\u5fc3\u8005\u3055\u3093\u5927\u6b53\u8fce\u3067\u3059(*^^*)
\u304a\u3082\u3057\u308d\u3001\u697d\u3057\u304f\u3084\u308a\u307e\u3057\u3087\U0001f606
\u30b8\u30e3\u30c3\u30b8\u3001\u304a\u3067\u3093\u7981\u6b62\uff01\uff01\uff01
\u521d\u5fc3\u8005\u301c\u30c0\u30a4\u30e42\u307e\u3067\u3044\u307e\u3059\uff01\uff01\uff01
Twitter\u30b5\u30d6\u57a2\u274c\u30e1\u30c7\u30a3\u30a2\u307f\u307e\u3059
\u6c57\u3001\u828b\u3001\u30ec\u30c7\u30a3\u3001\u30b5\u30d6\u57a2\u274c
#valorant\u52df\u96c6

2022-10-05 20:45:03 Produced message on topic twt_streaming with value of \u30d1\u30c3\u30c15.07 \u30d5\u30e9\u30af\u30c1\u30e3\u30fc\u5bfe\u5fdc\u306e\u30b5\u30a4\u30d5\u30a1\u30fc \u30a2\u30bf\u30c3\u30af\u5074 A\u30d1\u30e9\u30dc\u30e9 A\u30c9\u30ed\u30c3\u30d7 \u30af\u30ea\u30a2\u30ea\u30f3\u30b0  #VALORANT  #\u30b5\u30a4\u30d5\u30a1\u30fc   #\u30d5\u30e9\u30af\u30c1\u30e3\u30fc https://t.co/Md63sSk63B

2022-10-05 20:45:06 Produced message on topic twt_streaming with value of Only watching @Cloud9 Valorant team play could fix me rn

2022-10-05 20:45:07 Produced message on topic twt_streaming with value of VALORANT RANKS CON HARPER Y CZ4RR!!! PUEDES APOYAR CON TU PRIME RECUERDA!!!!!! (30 seg delay) · !rank !donar https://t.co/JOcBsWZKMv

2022-10-05 20:45:08 Produced message on topic twt_streaming with value of Sono in live!|
Mi raccomando, vi aspetto!

Oggi giochiamo VALORANT
https://t.co/JyP0ngEmnD

2022-10-05 20:45:14 Produced message on topic twt_streaming with value of \u6628\u65e51\u9031\u9593\u3076\u308a\u306bvalorant\u3092\u3057\u305f\u30893W1L\u3067\u6c17\u3065\u3044\u305f\u3089\u30b4\u30fc\u30eb\u30c9\u306b\u4e0a\u304c\u3063\u3066\u3044\u305f
\u554f\u984c\u306f\u3053\u3053\u304b\u3089\u3060 https://t.co/NF7WbvVbit

2022-10-05 20:45:20 Produced message on topic twt_streaming with value of #VALORANT
#VALORANT\u52df\u96c6
#VALORANT\u30d5\u30ec\u30f3\u30c9\u52df\u96c6

\u30ab\u30b9\u30bf\u30e0
@5

\u521d\u5fc3\u8005\u3044\u307e\u3059\uff01\u9152\u98f2\u3093\u3067\u308b\u4eba\u3068\u5f37\u3044\u4eba\u3044\u307e\u3059

\u8ab0\u3067\u3082\u697d\u3057\u304f\u2763\ufe0f

2022-10-05 20:45:22 Produced message on topic twt_streaming with value of valorant70\u6642\u9593\u30d0\u30f3\u3055\u308c\u307e\u3057\u305f\u3002\u3084\u308b\u30b2\u30fc\u30e0\u6d88\u3048\u305f

2022-10-05 20:45:25 Produced message on topic twt_streaming with value of Binx is an epic VALORANT gamer \U0001f4aa https://t.co/JRwCPXSUuD

2022-10-05 20:45:26 Produced message on topic twt_streaming with value of \u30d0\u30ed\u30b3\u30f3\u30da@1
\u30d6\u30ed\u30f3\u30ba\u3001\u30b7\u30eb\u30d0\u30fc\u3067\u3059
Apex\u30d7\u30ec\u30c7\u30bf\u30fc2\u4eba\u3067\u3059\u3001\u96f0\u56f2\u6c17\u25ce\u3067\u3059
#VALORANT\u52df\u96c6

2022-10-05 20:45:28 Produced message on topic twt_streaming with value of @tsd
\u30d5\u30ec\u30f3\u30c9\u304f\u3060\u3055\u3044
#VALORANT #VALORANT\u52df\u96c6 #VALORANT\u81ea\u5df1\u7d39\u4ecb\u30ab\u30fc\u30c9
#VALORANT\u30d5\u30ec\u30f3\u30c9\u52df\u96c6
#VALORANT\u30af\u30e9\u30f3\u52df\u96c6 
#VALORANT\u5973\u5b50  #VALORANT\u81ea\u5df1\u7d39\u4ecb https://t.co/PMbBeOD6KI

2022-10-05 20:45:29 Produced message on topic twt_streaming with value of \u3060\u308c\u304bvalorant\u5973\u5b50\u5f15\u3063\u304b\u304b\u3093\u306d\u3047\u304b\u306a\uff57

2022-10-05 20:45:30 Produced message on topic twt_streaming with value of On en parle pas assez mais Valorant c’est super addictif, sans même remarquer je peux faire facile 10 à 15 games en une journée et même si le jeu me tilt je vais relancer une game sans problème…

2022-10-05 20:45:35 Produced message on topic twt_streaming with value of \u30b7\u30eb\u30d0\u30fc3\u3067\u3059
\u3069\u306a\u305f\u304b\u30b3\u30f3\u30da\u62fe\u3063\u3066\u304f\u3060\u3055\u3044\uff01 #VALORANT\u52df\u96c6

2022-10-05 20:45:39 Produced message on topic twt_streaming with value of Overwatch\u6c11\u7d50\u69cb\u3044\u308b\u3084\u3093\u3051!!
(\uff86\uff81\uff6c\uff67)

APEX\u3088\u308aVALORANT\u3088\u308a
Overwatch1\u756a\u904a\u3093\u3067\u307e\u3059

\u904a\u3073\u76f8\u624b

\u52df\u96c6

2022-10-05 20:45:41 Produced message on topic twt_streaming with value of VALORANT\u30a2\u30f3\u30a4\u30f3\u30b9\u30c8\u30fc\u30eb\u3059\u308b\u3068
10000%\u30d6\u30eb\u30b9\u30af\u306b\u306a\u308b\u306e\u3084\u3081\u3066\u304f\u308c\u3093\uff1fw

2022-10-05 20:45:42 Produced message on topic twt_streaming with value of literalmente instalando o valorant pq o overwatch ainda ta com fila e eu preciso jogar um hero shooter https://t.co/IF4pxxlbRC

2022-10-05 20:45:44 Produced message on topic twt_streaming with value of applications for FAM BAM NA are OPEN for registration. please apply soon because applications will be closing in about 2 weeks \U0001f440. link is in the bio! #fambam #eSports #VALORANT #VALORANTChampions #tournament #community #gaming #streaming https://t.co/X7Gc5ShEtl

2022-10-05 20:45:46 Produced message on topic twt_streaming with value of NC FLICK 4KILL #VALORANT
#VALORANT\u52df\u96c6
#VALORANT\u30d5\u30ec\u30f3\u30c9
#VALORANT\u30d5\u30ec\u30f3\u30c9\u52df\u96c6 https://t.co/ImNdjTThEG

2022-10-05 20:45:47 Produced message on topic twt_streaming with value of Sonho is playing valorant

2022-10-05 20:45:55 Produced message on topic twt_streaming with value of Eco Bulldog 8-bit Spray | #VALORANT https://t.co/SkDpkZbT0z

2022-10-05 20:45:58 Produced message on topic twt_streaming with value of \u30d0\u30ed\u30e9\u30f3\u30c8\u52df\u96c6\u30d5\u30eb\u30d1@1
\u30b4\u30fc\u30eb\u30c93\u3067\u3059\uff01
\u697d\u3057\u304f\u51fa\u6765\u308b\u4eba\uff01

#Valorant\u52df\u96c6

2022-10-05 20:45:59 Produced message on topic twt_streaming with value of #giveastra5starsagain #VALORANT

2022-10-05 20:46:01 Produced message on topic twt_streaming with value of ow2\u3084\u3063\u305f\u5f8c\u30a8\u30a4\u30e0\u826f\u3044\u304b\u3082\u3067\u3059
#VALORANT #ValorantClips https://t.co/5Ml6YyTNpK

2022-10-05 20:46:02 Produced message on topic twt_streaming with value of \u7720\u904e\u304e\u3066\u6c17\u3065\u3044\u305f\u3089\u3053\u3093\u306a\u6642\u9593
VALORANT rdy

2022-10-05 20:46:03 Produced message on topic twt_streaming with value of \u30ab\u30b9\u30bf\u30e0@2

\u96c6\u307e\u308a\u6b21\u7b2c\u3084\u308a\u307e\u3059\u301c\uff01

\u8eab\u5185\u512a\u5148

#valorant\u52df\u96c6

2022-10-05 20:46:05 Produced message on topic twt_streaming with value of yolo #WhyWePlay #Valorant https://t.co/WamqMX5e9j

2022-10-05 20:46:07 Produced message on topic twt_streaming with value of ACE!!!!!!!!!!
\u3084\u3079\u3048\u3048\u3048\u3048\u3048\u3048\u3048 #VALORANT https://t.co/GNAceyyj7u

2022-10-05 20:46:11 Produced message on topic twt_streaming with value of \u30d5\u30eb\u30d1\u30b3\u30f3\u30da\uff20\uff11\u3000\u521d\u5fc3\u8005\u3044\u307e\u3059\u3000\u30d6\u30ed\u30f3\u30ba\u304b\u3089\u30b4\u30fc\u30eb\u30c9 #VALORANT\u52df\u96c6

2022-10-05 20:46:12 Produced message on topic twt_streaming with value of \u30bf\u30c0\u3067\u306f\u3084\u3089\u308c\u306a\u3044\u305d\u3093\u306a\u30ad\u30eb\u30b8\u30e7\u30a4\u304c\u3059\u304d\u3067\u3059\u3002
#VALORANT 
#\u30f4\u30a1\u30ed\u30e9\u30f3\u30c8 https://t.co/f2Sm45y2vW

2022-10-05 20:46:15 Produced message on topic twt_streaming with value of Man! Seriously how can some one hate their own country teams? In today's match of FPS(GE)VS VLT the chat was toxic has hell. Where as I was so happy to see GE play again, but also sad seeing my another favourite team lose. GGs FPS NT VLT\u2764\ufe0f\u2764\ufe0f

#Valclassico #VCT #esportsindia .

2022-10-05 20:46:19 Produced message on topic twt_streaming with value of ten seconds in a valorant game and she'd smash her keyboard \U0001f62d
https://t.co/EXkHmblXvN

2022-10-05 20:46:22 Produced message on topic twt_streaming with value of \u30d6\u30ed\u30b7\u30eb@1
\u697d\u3057\u304f\u3084\u308a\u307e\u3057\u3087\u3046\uff01
 #valorant\u52df\u96c6

2022-10-05 20:46:23 Produced message on topic twt_streaming with value of \u30b7\u30eb\u30d0\u30fc\u30b3\u30f3\u30da@1\u3000\u30c7\u30a3\u30b9\u30b3\u8a98\u3044\u307e\u3059\u3000
\u6210\u4eba\u6e08\u307f\u3067\u30ef\u30a4\u30ef\u30a4\u3084\u308c\u308c\u3070OK!\u3000#VALORANT\u52df\u96c6

2022-10-05 20:46:25 Produced message on topic twt_streaming with value of Yooo! Check out my #3k #clutch #collate #sheriff had to channel my inner \u2066@yay\u2069 #gg #valorant \u2066@VALORANTClips\u2069 ##yaygunplay let’s goooo like and follow for more Valorant! https://t.co/ajlVn27BwP

2022-10-05 20:46:27 Produced message on topic twt_streaming with value of \u65b0\u3057\u3044\u30a8\u30a4\u30e0\u7df4\u7fd2\uff01\uff1f\u7b11\u7b11\u3000
#VALORANT https://t.co/Dnsek0vwvc

2022-10-05 20:46:31 Produced message on topic twt_streaming with value of Eco Bulldog 8-bit Sprey | #VALORANT https://t.co/j1AlGCinfy

2022-10-05 20:46:34 Produced message on topic twt_streaming with value of @tos
\u30b7\u30eb\u30d0\u30fc@2
\u96f0\u56f2\u6c17\u826f\u304f\u3084\u308a\u305f\u3044\u3067\u3059
#VALORANT\u52df\u96c6

2022-10-05 20:46:35 Produced message on topic twt_streaming with value of Quwrof #5Huli \u3053\u308cVALORANT\u9069\u5f53\u306b\u30d5\u30ec\u30f3\u30c9\u8ffd\u52a0\u3069\u3046\u305e

2022-10-05 20:46:38 Produced message on topic twt_streaming with value of just hit 100+ subs let's gooo ty everyone - if you haven't subbed and you're interested in valorant / minecraft funny content then you know where to go &lt;3 https://t.co/QyGn2yOhQg

2022-10-05 20:46:39 Produced message on topic twt_streaming with value of \u306e\u3093\u3073\u308avalorant  English comments are welcome\uff01\u3092\u898b\u3066\u307f\u307e\u3057\u3087\u3046 https://t.co/1zyquyC7ck

yaa

2022-10-05 20:46:53 Produced message on topic twt_streaming with value of \u914d\u4fe1\u4e2d\u306e\u5947\u8de1 #VALORANT https://t.co/w16Ymf8ZHq

2022-10-05 20:46:55 Produced message on topic twt_streaming with value of YouTube\u3067\u914d\u4fe1\u4e2d\uff01\u8a73\u3057\u304f\u306f\u30d7\u30ed\u30d5\u306e\u30ea\u30f3\u30af\u304b\u3089\uff01

#VALORANT
#\u30df\u30e9\u30c6\u30a3\u30d6
#\u914d\u4fe1 \u4e2d\uff01
https://t.co/QKsavPErEx

2022-10-05 20:47:01 Produced message on topic twt_streaming with value of \u3053\u306e\u95933\u30ab\u6708\u3076\u308a\u304f\u3089\u3044\u306bvalorant\u3057\u305f
\u611f\u5ea6\u9ad8\u3059\u304e\u3066\u3069\u3053\u898b\u3066\u308b\u304b\u30de\u30b8\u3067\u308f\u304b\u3089\u306a\u304b\u3063\u305f\u306e\u3067\u3044\u3044\u3068\u3053\u308d\u3060\u3051 https://t.co/w1jAFGB3Pi

2022-10-05 20:47:03 Produced message on topic twt_streaming with value of \u6700\u5f371v3\u3067\u305fww

#VALORANT\u5973\u5b50 https://t.co/OCjOCqqu6b

2022-10-05 20:47:07 Produced message on topic twt_streaming with value of \u3010VALORANT\u3011\u6b21\u306a\u3093\u306e\u30a2\u30cb\u30e1\u898b\u3088\u3046\u304b\u60a9\u3080\u306a\u3041\uff5e 
\u6687\u306a\u4eba\u8a71\u305d\u301c
\u3042\u3093\u307e\u8a71\u3059\u6a5f\u4f1a\u306a\u3044\u4eba\u3082\u6687\u306a\u3089\u6765\u3066\u304d\u3066\u304d\u3066\u3048\u3048\u304d\u3066https://t.co/T7FAdYXcLI via @YouTube

2022-10-05 20:47:14 Produced message on topic twt_streaming with value of \u30ab\u30b9\u30bf\u30e0\u52df\u96c6\uff01\u30d7\u30e9\u30c1\u30ca\u4ee5\u4e0b\u3067\u304a\u9858\u3044\u3057\u307e\u3059\uff01
@2
\u30b5\u30d6\u57a2\u7981\u6b62
\u521d\u5fc3\u8005\u4f55\u4eba\u304b\u3044\u308b\u306e\u3067\u521d\u5fc3\u8005\u6b53\u8fce\u3067\u3059\U0001f44d
\u6c17\u8efd\u306b\u3069\u305e
#VALORANT\u52df\u96c6
#VALORANT

2022-10-05 20:47:19 Produced message on topic twt_streaming with value of \u304a\u3058\u3044\u3068\u304a\u3070\u3042\u306evalorant
\u76ee\u304c\u75b2\u308c\u3066\u30c7\u30b9\u30de\u30c3\u30c1\u306e\u6642\u70b9\u3067\u632b\u6298
\u30ab\u30b9\u30bf\u30e0\u3067\u96d1\u8ac7\u304a\u6563\u6b69\u5f8c\u3001\u6b66\u5668\u30b3\u30ec\u30af\u30b7\u30e7\u30f3\u3092\u773a\u3081\u306a\u304c\u3089\u6b32\u3057\u3044\u6b66\u5668\u3092\u8a9e\u308a\u5408\u3044\u672c\u65e5\u306e\u30b2\u30fc\u30e0\u7d42\u4e86\u3002

2022-10-05 20:47:23 Produced message on topic twt_streaming with value of \u5149\u306eValorant https://t.co/yfA55IbiCr

2022-10-05 20:47:33 Produced message on topic twt_streaming with value of n posso jogar ow entao vou de concorrência amo vc valorant

2022-10-05 20:47:35 Produced message on topic twt_streaming with value of \u30d5\u30eb\u30d1\u30b3\u30f3\u30da\uff20\uff11\u3000\u521d\u5fc3\u8005\u3044\u307e\u3059\u3000\u30d6\u30ed\u30f3\u30ba\u304b\u3089\u30b4\u30fc\u30eb\u30c9 #VALORANT\u52df\u96c6

2022-10-05 20:47:36 Produced message on topic twt_streaming with value of \u30d6\u30ed\u30b7\u30eb@1.2
\u30c7\u30e5\u30aa\u304b\u30c8\u30ea\u30aa\u3067\u697d\u3057\u304f\u3084\u308a\u307e\u3057\u3087\u3046\uff01
 #valorant\u52df\u96c6

2022-10-05 20:47:38 Produced message on topic twt_streaming with value of VALORANT \u30b3\u30f3\u30da
\u30d6\u30ed\u30b7\u30eb@1

2022-10-05 20:47:40 Produced message on topic twt_streaming with value of @1
VALORANT\u306e\u30ab\u30b9\u30bf\u30e0\u52df\u96c6\u4e2d\uff01\uff01
\u521d\u5fc3\u8005\u3055\u3093\u5927\u6b53\u8fce\u3067\u3059
\u697d\u3057\u304f\u3084\u308a\u307e\u3057\u3087\u3046\uff01
\u30b8\u30e3\u30c3\u30b8\u3001\u304a\u3067\u3093\u7981\u6b62
\u6c57\u30fb\u828b\u30fb\u30ec\u30c7\u30a3\u30fb\u30b5\u30d6\u57a2\u30fb\u52df\u96c6\u57a2×
#valorant\u52df\u96c6

2022-10-05 20:47:44 Produced message on topic twt_streaming with value of VALORANT\u3092\u898b\u3066\u307f\u307e\u3057\u3087\u3046 https://t.co/3DOU9exjHT

2022-10-05 20:47:46 Produced message on topic twt_streaming with value of \u30ac\u30a4\u30c7\u30a3\u30f3\u30b0\u30e9\u30a4\u30c8\u3081\u3063\u3061\u3083\u9577\u304f\u306a\u3063\u305f\u3088\u3046\u306b\u611f\u3058\u305f
#valorant

2022-10-05 20:47:48 Produced message on topic twt_streaming with value of \u30ab\u30b9\u30bf\u30e0\u52df\u96c6\uff01\u30d7\u30e9\u30c1\u30ca\u4ee5\u4e0b\u3067\u304a\u9858\u3044\u3057\u307e\u3059\uff01
@3
\u30b5\u30d6\u57a2\u7981\u6b62
\u521d\u5fc3\u8005\u4f55\u4eba\u304b\u3044\u308b\u306e\u3067\u521d\u5fc3\u8005\u6b53\u8fce\u3067\u3059\U0001f44d
\u6c17\u8efd\u306b\u3069\u305e
#VALORANT\u52df\u96c6
#VALORANT

2022-10-05 20:47:49 Produced message on topic twt_streaming with value of Bai if patay na ang Dota mubalik jud kog valorant ba gasto dayon kog BP

2022-10-05 20:47:50 Produced message on topic twt_streaming with value of Egirls können sich wehren Diggah \U0001f60e\U0001f601 #VALORANT https://t.co/22o43tUg0W

2022-10-05 20:47:55 Produced message on topic twt_streaming with value of YouTube\u3067\u914d\u4fe1\u4e2d\uff01\u8a73\u3057\u304f\u306f\u30d7\u30ed\u30d5\u306e\u30ea\u30f3\u30af\u304b\u3089\uff01

#VALORANT
#\u30df\u30e9\u30c6\u30a3\u30d6
#\u914d\u4fe1 \u4e2d\uff01
https://t.co/ry22NXwquY

2022-10-05 20:47:58 Produced message on topic twt_streaming with value of \u3060\u308c\u304bVALORANT\u3057\u307e\u305b\u3093\u304b\u30fc
\u30d7\u30e9\u30c1\u30ca2\u3067\u305b

2022-10-05 20:48:00 Produced message on topic twt_streaming with value of He entrado a valorant esta mañana y me he puesto a ver el mapa de fracture en una personalizada, alguien lo probó ya en partida normal?

2022-10-05 20:48:04 Produced message on topic twt_streaming with value of VALORANT BREAK/QUIT

Read: https://t.co/x06DF88Qqf

2022-10-05 20:48:05 Produced message on topic twt_streaming with value of I HATE PEARL I HATE VALORANT WHY DID THEY REMOVE SPLIT OUT IT BACJ

2022-10-05 20:48:07 Produced message on topic twt_streaming with value of \u30d0\u30ed\u30b3\u30f3\u30da@1
\u30d6\u30ed\u30f3\u30ba\u3001\u30b7\u30eb\u30d0\u30fc\u3067\u3059
Apex\u30d7\u30ec\u30c7\u30bf\u30fc2\u4eba\u3067\u3059\u3001\u96f0\u56f2\u6c17\u25ce\u3067\u3059
#VALORANT\u52df\u96c6

2022-10-05 20:48:10 Produced message on topic twt_streaming with value of I'm now streaming on Twitch! Playing VALORANT https://t.co/PJ9znenQUB

2022-10-05 20:48:11 Produced message on topic twt_streaming with value of @tos
https://t.co/OvIW4Qdn9o
\u30f4\u30a1\u30ed\u3042\u3093\u308c\u3084\u308b\u3088\u3093\uff01
\u30b3\u30e1\u30f3\u30c8\u304a\u5f85\u3061\u3057\u3066\u304a\u308a\u307e\u3059( *´\ua4b3`*)
#10\u6708\u306eVTuber\u30d5\u30a9\u30ed\u30fc\u796d\u308a 
#\u65b0\u4ebaV\u30e9\u30a4\u30d0\u30fc 
#Twitch\u3067\u6d3b\u52d5\u4e2dVtuber\u77e5\u308a\u305f\u3044 
#Twitch\u914d\u4fe1\u8005\u3068\u7e4b\u304c\u308a\u305f\u3044
#\u62e1\u6563\u5e0c\u671bRT 
#Twitch\u914d\u4fe1 #Twitch\u914d\u4fe1\u8005 #VTuber
#VALORANT #VALORANT\u5973\u5b50

2022-10-05 20:48:12 Produced message on topic twt_streaming with value of 1\u4eba\u306a\u3093\u3067\u3069\u3053\u304b\u30a2\u30f3\u30ec\u306b\u8a98\u3063\u3066\u304f\u3060\u3055\u3044\uff01 #VALORANT\u52df\u96c6

2022-10-05 20:48:13 Produced message on topic twt_streaming with value of 1vs4 NC CLUTCH #VALORANT
#VALORANT\u52df\u96c6
#VALORANT\u30d5\u30ec\u30f3\u30c9
#VALORANT\u30d5\u30ec\u30f3\u30c9\u52df\u96c6 https://t.co/v24SVTyT9c

2022-10-05 20:48:15 Produced message on topic twt_streaming with value of \u30d5\u30e9\u30af\u30c1\u30e3\u30fc\u306e\u30d1\u30e9\u30dc\u30e9\u5909\u308f\u308a\u3059\u304e\u611f\u3042\u308b\U0001f602#VALORANT

2022-10-05 20:48:18 Produced message on topic twt_streaming with value of valorant\u3057\u305f\u3044\u3051\u3069\u3059\u308b\u4f53\u529b\u306a\u3044\u5e73\u65e5\u306e\u591c

2022-10-05 20:48:20 Produced message on topic twt_streaming with value of \u30b7\u30eb\u30d0\u30fc\u30b4\u30fc\u30eb\u30c9\u52df\u96c6@2
#VALORANT\u52df\u96c6
#VALORANT

